2018-07-23 18:41:05.970  INFO 7824 --- [restartedMain] com.duanyao.music.MusicApplication       : Starting MusicApplication on DESKTOP-VNLEAM5 with PID 7824 (E:\IdeaProjects\music\target\classes started by MyLove in E:\IdeaProjects\music)
2018-07-23 18:41:05.971  INFO 7824 --- [restartedMain] com.duanyao.music.MusicApplication       : No active profile set, falling back to default profiles: default
2018-07-23 18:41:05.992  INFO 7824 --- [restartedMain] ConfigServletWebServerApplicationContext : Refreshing org.springframework.boot.web.servlet.context.AnnotationConfigServletWebServerApplicationContext@14ca2d4b: startup date [Mon Jul 23 18:41:05 CST 2018]; root of context hierarchy
2018-07-23 18:41:38.031  INFO 7824 --- [restartedMain] o.s.b.w.embedded.tomcat.TomcatWebServer  : Tomcat initialized with port(s): 8080 (http)
2018-07-23 18:41:38.128  INFO 7824 --- [restartedMain] o.apache.catalina.core.StandardService   : Starting service [Tomcat]
2018-07-23 18:41:38.128  INFO 7824 --- [restartedMain] org.apache.catalina.core.StandardEngine  : Starting Servlet Engine: Apache Tomcat/8.5.31
2018-07-23 18:41:38.944  INFO 7824 --- [localhost-startStop-1] o.a.c.c.C.[Tomcat-3].[localhost].[/]     : Initializing Spring embedded WebApplicationContext
2018-07-23 18:41:39.018  INFO 7824 --- [localhost-startStop-1] o.s.web.context.ContextLoader            : Root WebApplicationContext: initialization completed in 33026 ms
2018-07-23 18:41:39.732  INFO 7824 --- [localhost-startStop-1] o.s.b.w.servlet.ServletRegistrationBean  : Servlet dispatcherServlet mapped to [/]
2018-07-23 18:41:39.732  INFO 7824 --- [localhost-startStop-1] o.s.b.w.servlet.FilterRegistrationBean   : Mapping filter: 'characterEncodingFilter' to: [/*]
2018-07-23 18:41:39.732  INFO 7824 --- [localhost-startStop-1] o.s.b.w.servlet.FilterRegistrationBean   : Mapping filter: 'hiddenHttpMethodFilter' to: [/*]
2018-07-23 18:41:39.732  INFO 7824 --- [localhost-startStop-1] o.s.b.w.servlet.FilterRegistrationBean   : Mapping filter: 'httpPutFormContentFilter' to: [/*]
2018-07-23 18:41:39.732  INFO 7824 --- [localhost-startStop-1] o.s.b.w.servlet.FilterRegistrationBean   : Mapping filter: 'requestContextFilter' to: [/*]
2018-07-23 18:41:40.270  INFO 7824 --- [restartedMain] o.s.w.s.handler.SimpleUrlHandlerMapping  : Mapped URL path [/**/favicon.ico] onto handler of type [class org.springframework.web.servlet.resource.ResourceHttpRequestHandler]
2018-07-23 18:41:40.541  INFO 7824 --- [restartedMain] s.w.s.m.m.a.RequestMappingHandlerAdapter : Looking for @ControllerAdvice: org.springframework.boot.web.servlet.context.AnnotationConfigServletWebServerApplicationContext@14ca2d4b: startup date [Mon Jul 23 18:41:05 CST 2018]; root of context hierarchy
2018-07-23 18:41:40.557  INFO 7824 --- [restartedMain] s.w.s.m.m.a.RequestMappingHandlerMapping : Mapped "{[/musics/ttt],methods=[POST]}" onto public com.alibaba.fastjson.JSONObject com.duanyao.music.controller.MusicController.get(java.lang.String)
2018-07-23 18:41:40.558  INFO 7824 --- [restartedMain] s.w.s.m.m.a.RequestMappingHandlerMapping : Mapped "{[/musics/],methods=[POST]}" onto public com.alibaba.fastjson.JSONObject com.duanyao.music.controller.MusicController.getList(java.lang.String,org.springframework.web.multipart.MultipartFile)
2018-07-23 18:41:40.560  INFO 7824 --- [restartedMain] s.w.s.m.m.a.RequestMappingHandlerMapping : Mapped "{[/users/register]}" onto public java.util.List<com.duanyao.music.model.User> com.duanyao.music.controller.UserController.userReg()
2018-07-23 18:41:40.563  INFO 7824 --- [restartedMain] s.w.s.m.m.a.RequestMappingHandlerMapping : Mapped "{[/error]}" onto public org.springframework.http.ResponseEntity<java.util.Map<java.lang.String, java.lang.Object>> org.springframework.boot.autoconfigure.web.servlet.error.BasicErrorController.error(javax.servlet.http.HttpServletRequest)
2018-07-23 18:41:40.564  INFO 7824 --- [restartedMain] s.w.s.m.m.a.RequestMappingHandlerMapping : Mapped "{[/error],produces=[text/html]}" onto public org.springframework.web.servlet.ModelAndView org.springframework.boot.autoconfigure.web.servlet.error.BasicErrorController.errorHtml(javax.servlet.http.HttpServletRequest,javax.servlet.http.HttpServletResponse)
2018-07-23 18:41:40.631  INFO 7824 --- [restartedMain] o.s.w.s.handler.SimpleUrlHandlerMapping  : Mapped URL path [/webjars/**] onto handler of type [class org.springframework.web.servlet.resource.ResourceHttpRequestHandler]
2018-07-23 18:41:40.631  INFO 7824 --- [restartedMain] o.s.w.s.handler.SimpleUrlHandlerMapping  : Mapped URL path [/**] onto handler of type [class org.springframework.web.servlet.resource.ResourceHttpRequestHandler]
2018-07-23 18:41:41.030  INFO 7824 --- [restartedMain] o.s.b.d.a.OptionalLiveReloadServer       : LiveReload server is running on port 35729
2018-07-23 18:41:41.061  INFO 7824 --- [restartedMain] o.s.j.e.a.AnnotationMBeanExporter        : Registering beans for JMX exposure on startup
2018-07-23 18:41:41.063  INFO 7824 --- [restartedMain] o.s.j.e.a.AnnotationMBeanExporter        : Bean with name 'dataSource' has been autodetected for JMX exposure
2018-07-23 18:41:41.067  INFO 7824 --- [restartedMain] o.s.j.e.a.AnnotationMBeanExporter        : Located MBean 'dataSource': registering with JMX server as MBean [com.zaxxer.hikari:name=dataSource,type=HikariDataSource]
2018-07-23 18:41:41.160  INFO 7824 --- [restartedMain] o.s.b.w.embedded.tomcat.TomcatWebServer  : Tomcat started on port(s): 8080 (http) with context path ''
2018-07-23 18:41:41.174  INFO 7824 --- [restartedMain] com.duanyao.music.MusicApplication       : Started MusicApplication in 42.031 seconds (JVM running for 7766.956)
2018-07-23 18:41:41.176  INFO 7824 --- [restartedMain] .ConditionEvaluationDeltaLoggingListener : Condition evaluation unchanged
2018-07-23 18:43:06.197  INFO 7824 --- [Thread-137] ConfigServletWebServerApplicationContext : Closing org.springframework.boot.web.servlet.context.AnnotationConfigServletWebServerApplicationContext@14ca2d4b: startup date [Mon Jul 23 18:41:05 CST 2018]; root of context hierarchy
2018-07-23 18:43:06.200  INFO 7824 --- [Thread-137] o.s.j.e.a.AnnotationMBeanExporter        : Unregistering JMX-exposed beans on shutdown
2018-07-23 18:43:06.201  INFO 7824 --- [Thread-137] o.s.j.e.a.AnnotationMBeanExporter        : Unregistering JMX-exposed beans
